<?xml version="1.0" encoding="UTF-8"?>
<testsuites name="DiscoverySuite" time="0" tests="0" failures="0" errors="0">
   <testsuite name="DiscoverySuite" tests="0" failures="0" errors="0" time="0" timestamp="2018-10-01 14:29:49" hostname="LDCL313952$ - LDCL313952.dne.dci.discovery.com" id="Test Suites/DiscoverySuite">
      <properties>
         <property name="deviceName" value=""/>
         <property name="devicePlatform" value=""/>
         <property name="logFolder" value="C:\\Users\\sjain1\\Katalon Studio\\DiscoveryEducation\\Reports\\DiscoverySuite\\20181001_142946"/>
         <property name="logFiles" value="C:\\Users\\sjain1\\Katalon Studio\\DiscoveryEducation\\Reports\\DiscoverySuite\\20181001_142946\\execution0.log"/>
         <property name="attachments" value=""/>
         <property name="hostName" value="LDCL313952$ - LDCL313952.dne.dci.discovery.com"/>
         <property name="hostAddress" value="10.97.0.119"/>
         <property name="os" value="Windows 10 64bit"/>
         <property name="katalonVersion" value="5.7.1.1"/>
      </properties>
      <system-out><![CDATA[2018-10-01 14:29:49 - [TEST_SUITE][PASSED] - DiscoverySuite: null]]></system-out>
      <system-err><![CDATA[]]></system-err>
   </testsuite>
</testsuites>
